147924-UniRef90_UPI000069EE6F  b.1.10.1
147897-UniRef90_A0BAR1  b.1.10.1
147928-UniRef90_Q22601  b.1.10.1
147846-UniRef90_A6RLX9  b.1.10.1
147933-UniRef90_B0CPT8  b.1.10.1
147855-UniRef90_Q5KEF7  b.1.10.1
147856-UniRef90_Q9FGT0  b.1.10.1
147886-UniRef90_A2DP19  b.1.10.1
147915-UniRef90_Q22ND4  b.1.10.1
147872-UniRef90_Q9C0W7  b.1.10.1
147844-UniRef90_A6RDP5  b.1.10.1
147878-UniRef90_B0ELU4  b.1.10.1
147871-UniRef90_Q6BK19  b.1.10.1
147837-UniRef90_O95782  b.1.10.1
147905-UniRef90_A0D508  b.1.10.1
147879-UniRef90_B0EDD4  b.1.10.1
147867-UniRef90_Q00WR4  b.1.10.1
147838-UniRef90_Q6NVT5  b.1.10.1
147894-UniRef90_A0CWN8  b.1.10.1
147901-UniRef90_A0D466  b.1.10.1
147919-UniRef90_A2EE49  b.1.10.1
147908-UniRef90_UPI00006CC492  b.1.10.1
147868-UniRef90_A8ILF4  b.1.10.1
147926-UniRef90_P91926  b.1.10.1
147839-UniRef90_Q4T833  b.1.10.1
147881-UniRef90_Q6CVG4  b.1.10.1
147840-UniRef90_UPI00016E0CE4  b.1.10.1
147887-UniRef90_Q1EQ22  b.1.10.1
147870-UniRef90_B7FY75  b.1.10.1
147880-UniRef90_A5DTZ2  b.1.10.1
147850-UniRef90_UPI00018866F0  b.1.10.1
147885-UniRef90_Q75B74  b.1.10.1
147896-UniRef90_A0D2D0  b.1.10.1
147902-UniRef90_A0DQC0  b.1.10.1
147931-UniRef90_A8N1G9  b.1.10.1
147910-UniRef90_Q22E31  b.1.10.1
147865-UniRef90_A8NPQ6  b.1.10.1
147906-UniRef90_UPI00006CBF08  b.1.10.1
147914-UniRef90_A0DUK3  b.1.10.1
147874-UniRef90_Q59PV7  b.1.10.1
147877-UniRef90_B6AC00  b.1.10.1
147916-UniRef90_UPI00006CCBFD  b.1.10.1
147932-UniRef90_UPI000023DACF  b.1.10.1
147842-UniRef90_B2WE18  b.1.10.1
147845-UniRef90_Q2GV39  b.1.10.1
147847-UniRef90_B7P9Z2  b.1.10.1
147898-UniRef90_B1N2X9  b.1.10.1
147911-UniRef90_Q22MK1  b.1.10.1
147841-UniRef90_UPI0000E49F44  b.1.10.1
147888-UniRef90_Q23R39  b.1.10.1
147852-UniRef90_A7RH33  b.1.10.1
147862-UniRef90_Q6CBH9  b.1.10.1
147934-UniRef90_Q9P3H7  b.1.10.1
147921-UniRef90_UPI00006CB6C5  b.1.10.1
147860-UniRef90_A9RSM0  b.1.10.1
147866-UniRef90_B6KDH0  b.1.10.1
147843-UniRef90_B6QGI1  b.1.10.1
147907-UniRef90_UPI00006CC2AF  b.1.10.1
147863-UniRef90_A9T668  b.1.10.1
147882-UniRef90_Q5CVR5  b.1.10.1
147909-UniRef90_Q4DU60  b.1.10.1
147935-UniRef90_B8CBA1  b.1.10.1
147873-UniRef90_B6JZX9  b.1.10.1
147861-UniRef90_UPI000180B2DB  b.1.10.1
147883-UniRef90_P38065  b.1.10.1
147884-UniRef90_A5K210  b.1.10.1
147895-UniRef90_Q8I4W9  b.1.10.1
147849-UniRef90_B6M6Q4  b.1.10.1
147859-UniRef90_Q10SS6  b.1.10.1
147889-UniRef90_A5K8W5  b.1.10.1
147899-UniRef90_A0DC84  b.1.10.1
147853-UniRef90_A4QUD5  b.1.10.1
147983-d1kyfa1  b.1.10.1
147858-UniRef90_Q4PEU6  b.1.10.1
147857-UniRef90_A9U4D0  b.1.10.1
147903-UniRef90_Q24DR9  b.1.10.1
147876-UniRef90_A5DIJ2  b.1.10.1
147930-UniRef90_Q86KI1  b.1.10.1
147984-d2vj0a1  b.1.10.1
147929-UniRef90_A9UPX3  b.1.10.1
147892-UniRef90_Q6FUD2  b.1.10.1
147923-d1kyfa1  b.1.10.1
147925-UniRef90_B7PEY0  b.1.10.1
147875-UniRef90_A3LWS6  b.1.10.1
147904-UniRef90_UPI00006CF339  b.1.10.1
147864-UniRef90_Q5BY31  b.1.10.1
147890-UniRef90_Q4YX60  b.1.10.1
147900-UniRef90_Q6LF45  b.1.10.1
147869-UniRef90_A4SBN8  b.1.10.1
147851-UniRef90_Q2PIU2  b.1.10.1
147854-UniRef90_Q7QG73  b.1.10.1
147893-UniRef90_UPI00006CBD42  b.1.10.1
147913-UniRef90_A0DX54  b.1.10.1
147848-UniRef90_UPI0000D5747D  b.1.10.1
147912-UniRef90_A0CCT7  b.1.10.1
147927-UniRef90_B3RL03  b.1.10.1
147918-UniRef90_A0D0H3  b.1.10.1
147891-UniRef90_A7TL58  b.1.10.1
