147852-UniRef90_A7RH33  b.1.10.1
147858-UniRef90_Q4PEU6  b.1.10.1
147924-UniRef90_UPI000069EE6F  b.1.10.1
147881-UniRef90_Q6CVG4  b.1.10.1
147876-UniRef90_A5DIJ2  b.1.10.1
147930-UniRef90_Q86KI1  b.1.10.1
147928-UniRef90_Q22601  b.1.10.1
147984-d2vj0a1  b.1.10.1
147846-UniRef90_A6RLX9  b.1.10.1
147933-UniRef90_B0CPT8  b.1.10.1
147892-UniRef90_Q6FUD2  b.1.10.1
147840-UniRef90_UPI00016E0CE4  b.1.10.1
147934-UniRef90_Q9P3H7  b.1.10.1
147923-d1kyfa1  b.1.10.1
147870-UniRef90_B7FY75  b.1.10.1
147880-UniRef90_A5DTZ2  b.1.10.1
147925-UniRef90_B7PEY0  b.1.10.1
147850-UniRef90_UPI00018866F0  b.1.10.1
147875-UniRef90_A3LWS6  b.1.10.1
147844-UniRef90_A6RDP5  b.1.10.1
147885-UniRef90_Q75B74  b.1.10.1
147871-UniRef90_Q6BK19  b.1.10.1
147837-UniRef90_O95782  b.1.10.1
147905-UniRef90_A0D508  b.1.10.1
147935-UniRef90_B8CBA1  b.1.10.1
147861-UniRef90_UPI000180B2DB  b.1.10.1
147864-UniRef90_Q5BY31  b.1.10.1
147890-UniRef90_Q4YX60  b.1.10.1
147883-UniRef90_P38065  b.1.10.1
147900-UniRef90_Q6LF45  b.1.10.1
147931-UniRef90_A8N1G9  b.1.10.1
147838-UniRef90_Q6NVT5  b.1.10.1
147884-UniRef90_A5K210  b.1.10.1
147910-UniRef90_Q22E31  b.1.10.1
147895-UniRef90_Q8I4W9  b.1.10.1
147849-UniRef90_B6M6Q4  b.1.10.1
147851-UniRef90_Q2PIU2  b.1.10.1
147854-UniRef90_Q7QG73  b.1.10.1
147848-UniRef90_UPI0000D5747D  b.1.10.1
147874-UniRef90_Q59PV7  b.1.10.1
147932-UniRef90_UPI000023DACF  b.1.10.1
147845-UniRef90_Q2GV39  b.1.10.1
147926-UniRef90_P91926  b.1.10.1
147891-UniRef90_A7TL58  b.1.10.1
147853-UniRef90_A4QUD5  b.1.10.1
147983-d1kyfa1  b.1.10.1
147841-UniRef90_UPI0000E49F44  b.1.10.1
147839-UniRef90_Q4T833  b.1.10.1
